
2022-03-7 1.1.2 崔孟超
1、兼容插件保存内容，显示网站来源

2022-03-4 1.1.1 崔孟超
1、迭代、优化团队共享笔记
2、增加微信登录
3、增加短信验证码登录

2022-02-28 1.1.0 崔孟超
1、 更新3月份活动
2、优化团队共享笔记本功能预览版发布
3、优化笔记本排序

2022-02-16 1.0.9 崔孟超
1.个人中心页面改版
2.新增mark导出
3.新增我的API功能
4.优化页面细节，修改bug等

2022-02-16 1.0.9 崔孟超
1.个人中心页面改版
2.新增mark导出
3.新增我的API功能
4.优化页面细节，修改bug等

2022-02-12 1.0.8 崔孟超
1.notion同步功能
2.notion单笔记页面
3.笔记历史样式修改
4.页面细节调整等
5.修复删除多个笔记时，无法触发下一页的bug

2022-01-30 1.0.7 崔孟超
1.打卡活动二月份

2022-01-22 1.0.6 崔孟超
1.新增笔记本拖拽排序
2.首页骨架屏
3.绑定微信轮询机制
4.优化个性文本替换逻辑
5.首页修改
6.帮助中心修改
7.解决邮件无法发送、验证的bug


2022-01-18 1.0.5 崔孟超
1.个性文本替换上线
2.修改首页文案


2022-01-18 1.0.5 崔孟超
1.热修编辑图片不展示的bug


2022-01-12 1.0.4 崔孟超
1.热修普通用户使用pro权限功能是弹窗提示不对的bug


2022-01-10 1.0.3 崔孟超
1.修改字体文件
2.修改引用的模块展开长度的bug, 以及优化
3.修复 粘贴网络图片时会出现两张的bug


2022-01-05  1.0.2  崔孟超
1.修改组件文件路径  使文件分布更清晰
2.修复 修改卡片上传图片时卡片加载位置不对的bug
3.修复 点击图片识别文字时 修改光标位置按钮位置不对的bug
4.修复笔记卡片不显示换行空格的bug
5.关闭知识图谱上面的标志


2022-01-04  1.0.1  崔孟超
1.修改静态资源为cdn
2.修改crx下载路径

